[1.859s] Invoking command in '/home/user/ROB421-Group/trivia_bot': DEBUGINFOD_URLS=https://debuginfod.ubuntu.com PYTHONPATH=/home/user/ROB421-Group/build/trivia_bot/prefix_override:/usr/lib/python3/dist-packages/colcon_core/task/python/colcon_distutils_commands:/home/user/ROB421-Group/install/trivia_bot/lib/python3.12/site-packages:${PYTHONPATH} /usr/bin/python3 -W ignore:setup.py install is deprecated -W ignore:easy_install command is deprecated setup.py egg_info --egg-base ../build/trivia_bot build --build-base /home/user/ROB421-Group/build/trivia_bot/build install --record /home/user/ROB421-Group/build/trivia_bot/install.log --single-version-externally-managed install_data
[2.102s] running egg_info
[2.118s] writing ../build/trivia_bot/trivia_bot.egg-info/PKG-INFO
[2.120s] writing dependency_links to ../build/trivia_bot/trivia_bot.egg-info/dependency_links.txt
[2.121s] writing entry points to ../build/trivia_bot/trivia_bot.egg-info/entry_points.txt
[2.121s] writing requirements to ../build/trivia_bot/trivia_bot.egg-info/requires.txt
[2.121s] writing top-level names to ../build/trivia_bot/trivia_bot.egg-info/top_level.txt
[2.158s] reading manifest file '../build/trivia_bot/trivia_bot.egg-info/SOURCES.txt'
[2.159s] writing manifest file '../build/trivia_bot/trivia_bot.egg-info/SOURCES.txt'
[2.159s] running build
[2.160s] running build_py
[2.161s] copying trivia_bot/speaker.py -> /home/user/ROB421-Group/build/trivia_bot/build/lib/trivia_bot
[2.163s] copying trivia_bot/trivia_question_finder.py -> /home/user/ROB421-Group/build/trivia_bot/build/lib/trivia_bot
[2.164s] running install
[2.169s] running install_lib
[2.187s] copying /home/user/ROB421-Group/build/trivia_bot/build/lib/trivia_bot/speaker.py -> /home/user/ROB421-Group/install/trivia_bot/lib/python3.12/site-packages/trivia_bot
[2.187s] copying /home/user/ROB421-Group/build/trivia_bot/build/lib/trivia_bot/trivia_question_finder.py -> /home/user/ROB421-Group/install/trivia_bot/lib/python3.12/site-packages/trivia_bot
[2.189s] byte-compiling /home/user/ROB421-Group/install/trivia_bot/lib/python3.12/site-packages/trivia_bot/speaker.py to speaker.cpython-312.pyc
[2.189s] byte-compiling /home/user/ROB421-Group/install/trivia_bot/lib/python3.12/site-packages/trivia_bot/trivia_question_finder.py to trivia_question_finder.cpython-312.pyc
[2.190s] running install_data
[2.192s] running install_egg_info
[2.209s] removing '/home/user/ROB421-Group/install/trivia_bot/lib/python3.12/site-packages/trivia_bot-0.0.0-py3.12.egg-info' (and everything under it)
[2.210s] Copying ../build/trivia_bot/trivia_bot.egg-info to /home/user/ROB421-Group/install/trivia_bot/lib/python3.12/site-packages/trivia_bot-0.0.0-py3.12.egg-info
[2.211s] running install_scripts
[2.344s] Installing gameloop script to /home/user/ROB421-Group/install/trivia_bot/lib/trivia_bot
[2.355s] Installing mic script to /home/user/ROB421-Group/install/trivia_bot/lib/trivia_bot
[2.355s] Installing speaker script to /home/user/ROB421-Group/install/trivia_bot/lib/trivia_bot
[2.356s] writing list of installed files to '/home/user/ROB421-Group/build/trivia_bot/install.log'
[2.378s] Invoked command in '/home/user/ROB421-Group/trivia_bot' returned '0': DEBUGINFOD_URLS=https://debuginfod.ubuntu.com PYTHONPATH=/home/user/ROB421-Group/build/trivia_bot/prefix_override:/usr/lib/python3/dist-packages/colcon_core/task/python/colcon_distutils_commands:/home/user/ROB421-Group/install/trivia_bot/lib/python3.12/site-packages:${PYTHONPATH} /usr/bin/python3 -W ignore:setup.py install is deprecated -W ignore:easy_install command is deprecated setup.py egg_info --egg-base ../build/trivia_bot build --build-base /home/user/ROB421-Group/build/trivia_bot/build install --record /home/user/ROB421-Group/build/trivia_bot/install.log --single-version-externally-managed install_data
