running egg_info
creating ../build/trivia_bot/trivia_bot.egg-info
writing ../build/trivia_bot/trivia_bot.egg-info/PKG-INFO
writing dependency_links to ../build/trivia_bot/trivia_bot.egg-info/dependency_links.txt
writing entry points to ../build/trivia_bot/trivia_bot.egg-info/entry_points.txt
writing requirements to ../build/trivia_bot/trivia_bot.egg-info/requires.txt
writing top-level names to ../build/trivia_bot/trivia_bot.egg-info/top_level.txt
writing manifest file '../build/trivia_bot/trivia_bot.egg-info/SOURCES.txt'
reading manifest file '../build/trivia_bot/trivia_bot.egg-info/SOURCES.txt'
writing manifest file '../build/trivia_bot/trivia_bot.egg-info/SOURCES.txt'
running build
running build_py
creating /home/user/ROB421-Group/build/trivia_bot/build
creating /home/user/ROB421-Group/build/trivia_bot/build/lib
creating /home/user/ROB421-Group/build/trivia_bot/build/lib/trivia_bot
copying trivia_bot/__init__.py -> /home/user/ROB421-Group/build/trivia_bot/build/lib/trivia_bot
copying trivia_bot/speaker.py -> /home/user/ROB421-Group/build/trivia_bot/build/lib/trivia_bot
copying trivia_bot/mic.py -> /home/user/ROB421-Group/build/trivia_bot/build/lib/trivia_bot
copying trivia_bot/gameloop.py -> /home/user/ROB421-Group/build/trivia_bot/build/lib/trivia_bot
running install
running install_lib
creating /home/user/ROB421-Group/install/trivia_bot/lib/python3.12/site-packages/trivia_bot
copying /home/user/ROB421-Group/build/trivia_bot/build/lib/trivia_bot/__init__.py -> /home/user/ROB421-Group/install/trivia_bot/lib/python3.12/site-packages/trivia_bot
copying /home/user/ROB421-Group/build/trivia_bot/build/lib/trivia_bot/speaker.py -> /home/user/ROB421-Group/install/trivia_bot/lib/python3.12/site-packages/trivia_bot
copying /home/user/ROB421-Group/build/trivia_bot/build/lib/trivia_bot/mic.py -> /home/user/ROB421-Group/install/trivia_bot/lib/python3.12/site-packages/trivia_bot
copying /home/user/ROB421-Group/build/trivia_bot/build/lib/trivia_bot/gameloop.py -> /home/user/ROB421-Group/install/trivia_bot/lib/python3.12/site-packages/trivia_bot
byte-compiling /home/user/ROB421-Group/install/trivia_bot/lib/python3.12/site-packages/trivia_bot/__init__.py to __init__.cpython-312.pyc
byte-compiling /home/user/ROB421-Group/install/trivia_bot/lib/python3.12/site-packages/trivia_bot/speaker.py to speaker.cpython-312.pyc
byte-compiling /home/user/ROB421-Group/install/trivia_bot/lib/python3.12/site-packages/trivia_bot/mic.py to mic.cpython-312.pyc
byte-compiling /home/user/ROB421-Group/install/trivia_bot/lib/python3.12/site-packages/trivia_bot/gameloop.py to gameloop.cpython-312.pyc
running install_data
creating /home/user/ROB421-Group/install/trivia_bot/share/ament_index
creating /home/user/ROB421-Group/install/trivia_bot/share/ament_index/resource_index
creating /home/user/ROB421-Group/install/trivia_bot/share/ament_index/resource_index/packages
copying resource/trivia_bot -> /home/user/ROB421-Group/install/trivia_bot/share/ament_index/resource_index/packages
copying package.xml -> /home/user/ROB421-Group/install/trivia_bot/share/trivia_bot
running install_egg_info
Copying ../build/trivia_bot/trivia_bot.egg-info to /home/user/ROB421-Group/install/trivia_bot/lib/python3.12/site-packages/trivia_bot-0.0.0-py3.12.egg-info
running install_scripts
Installing gameloop script to /home/user/ROB421-Group/install/trivia_bot/lib/trivia_bot
Installing mic script to /home/user/ROB421-Group/install/trivia_bot/lib/trivia_bot
Installing speaker script to /home/user/ROB421-Group/install/trivia_bot/lib/trivia_bot
writing list of installed files to '/home/user/ROB421-Group/build/trivia_bot/install.log'
