/home/user/ROB421-Group/install/trivia_bot/lib/python3.12/site-packages/trivia_bot/__init__.py
/home/user/ROB421-Group/install/trivia_bot/lib/python3.12/site-packages/trivia_bot/speaker.py
/home/user/ROB421-Group/install/trivia_bot/lib/python3.12/site-packages/trivia_bot/trivia_question_finder.py
/home/user/ROB421-Group/install/trivia_bot/lib/python3.12/site-packages/trivia_bot/mic.py
/home/user/ROB421-Group/install/trivia_bot/lib/python3.12/site-packages/trivia_bot/gameloop.py
/home/user/ROB421-Group/install/trivia_bot/lib/python3.12/site-packages/trivia_bot/trivia_stt.py
/home/user/ROB421-Group/install/trivia_bot/lib/python3.12/site-packages/trivia_bot/espeak_python_easy_interface.py
/home/user/ROB421-Group/install/trivia_bot/lib/python3.12/site-packages/trivia_bot/__pycache__/__init__.cpython-312.pyc
/home/user/ROB421-Group/install/trivia_bot/lib/python3.12/site-packages/trivia_bot/__pycache__/speaker.cpython-312.pyc
/home/user/ROB421-Group/install/trivia_bot/lib/python3.12/site-packages/trivia_bot/__pycache__/trivia_question_finder.cpython-312.pyc
/home/user/ROB421-Group/install/trivia_bot/lib/python3.12/site-packages/trivia_bot/__pycache__/mic.cpython-312.pyc
/home/user/ROB421-Group/install/trivia_bot/lib/python3.12/site-packages/trivia_bot/__pycache__/gameloop.cpython-312.pyc
/home/user/ROB421-Group/install/trivia_bot/lib/python3.12/site-packages/trivia_bot/__pycache__/trivia_stt.cpython-312.pyc
/home/user/ROB421-Group/install/trivia_bot/lib/python3.12/site-packages/trivia_bot/__pycache__/espeak_python_easy_interface.cpython-312.pyc
/home/user/ROB421-Group/install/trivia_bot/share/ament_index/resource_index/packages/trivia_bot
/home/user/ROB421-Group/install/trivia_bot/share/trivia_bot/package.xml
/home/user/ROB421-Group/install/trivia_bot/lib/python3.12/site-packages/trivia_bot-0.0.0-py3.12.egg-info/PKG-INFO
/home/user/ROB421-Group/install/trivia_bot/lib/python3.12/site-packages/trivia_bot-0.0.0-py3.12.egg-info/SOURCES.txt
/home/user/ROB421-Group/install/trivia_bot/lib/python3.12/site-packages/trivia_bot-0.0.0-py3.12.egg-info/requires.txt
/home/user/ROB421-Group/install/trivia_bot/lib/python3.12/site-packages/trivia_bot-0.0.0-py3.12.egg-info/dependency_links.txt
/home/user/ROB421-Group/install/trivia_bot/lib/python3.12/site-packages/trivia_bot-0.0.0-py3.12.egg-info/top_level.txt
/home/user/ROB421-Group/install/trivia_bot/lib/python3.12/site-packages/trivia_bot-0.0.0-py3.12.egg-info/entry_points.txt
/home/user/ROB421-Group/install/trivia_bot/lib/python3.12/site-packages/trivia_bot-0.0.0-py3.12.egg-info/zip-safe
/home/user/ROB421-Group/install/trivia_bot/lib/trivia_bot/gameloop
/home/user/ROB421-Group/install/trivia_bot/lib/trivia_bot/mic
/home/user/ROB421-Group/install/trivia_bot/lib/trivia_bot/speaker
