[1.504s] Invoking command in '/home/user/ROB421-Group/trivia_bot': DEBUGINFOD_URLS=https://debuginfod.ubuntu.com PYTHONPATH=/home/user/ROB421-Group/build/trivia_bot/prefix_override:/usr/lib/python3/dist-packages/colcon_core/task/python/colcon_distutils_commands:/home/user/ROB421-Group/install/trivia_bot/lib/python3.12/site-packages:${PYTHONPATH} /usr/bin/python3 -W ignore:setup.py install is deprecated -W ignore:easy_install command is deprecated setup.py egg_info --egg-base ../build/trivia_bot build --build-base /home/user/ROB421-Group/build/trivia_bot/build install --record /home/user/ROB421-Group/build/trivia_bot/install.log --single-version-externally-managed install_data
[1.884s] running egg_info
[1.908s] writing ../build/trivia_bot/trivia_bot.egg-info/PKG-INFO
[1.909s] writing dependency_links to ../build/trivia_bot/trivia_bot.egg-info/dependency_links.txt
[1.909s] writing entry points to ../build/trivia_bot/trivia_bot.egg-info/entry_points.txt
[1.909s] writing requirements to ../build/trivia_bot/trivia_bot.egg-info/requires.txt
[1.910s] writing top-level names to ../build/trivia_bot/trivia_bot.egg-info/top_level.txt
[1.962s] reading manifest file '../build/trivia_bot/trivia_bot.egg-info/SOURCES.txt'
[1.963s] writing manifest file '../build/trivia_bot/trivia_bot.egg-info/SOURCES.txt'
[1.963s] running build
[1.963s] running build_py
[1.964s] copying trivia_bot/gameloop.py -> /home/user/ROB421-Group/build/trivia_bot/build/lib/trivia_bot
[1.964s] running install
[1.971s] running install_lib
[1.994s] copying /home/user/ROB421-Group/build/trivia_bot/build/lib/trivia_bot/gameloop.py -> /home/user/ROB421-Group/install/trivia_bot/lib/python3.12/site-packages/trivia_bot
[1.995s] byte-compiling /home/user/ROB421-Group/install/trivia_bot/lib/python3.12/site-packages/trivia_bot/gameloop.py to gameloop.cpython-312.pyc
[1.996s] running install_data
[1.997s] running install_egg_info
[2.026s] removing '/home/user/ROB421-Group/install/trivia_bot/lib/python3.12/site-packages/trivia_bot-0.0.0-py3.12.egg-info' (and everything under it)
[2.030s] Copying ../build/trivia_bot/trivia_bot.egg-info to /home/user/ROB421-Group/install/trivia_bot/lib/python3.12/site-packages/trivia_bot-0.0.0-py3.12.egg-info
[2.030s] running install_scripts
[2.206s] Installing gameloop script to /home/user/ROB421-Group/install/trivia_bot/lib/trivia_bot
[2.206s] Installing mic script to /home/user/ROB421-Group/install/trivia_bot/lib/trivia_bot
[2.206s] Installing speaker script to /home/user/ROB421-Group/install/trivia_bot/lib/trivia_bot
[2.208s] writing list of installed files to '/home/user/ROB421-Group/build/trivia_bot/install.log'
[2.236s] Invoked command in '/home/user/ROB421-Group/trivia_bot' returned '0': DEBUGINFOD_URLS=https://debuginfod.ubuntu.com PYTHONPATH=/home/user/ROB421-Group/build/trivia_bot/prefix_override:/usr/lib/python3/dist-packages/colcon_core/task/python/colcon_distutils_commands:/home/user/ROB421-Group/install/trivia_bot/lib/python3.12/site-packages:${PYTHONPATH} /usr/bin/python3 -W ignore:setup.py install is deprecated -W ignore:easy_install command is deprecated setup.py egg_info --egg-base ../build/trivia_bot build --build-base /home/user/ROB421-Group/build/trivia_bot/build install --record /home/user/ROB421-Group/build/trivia_bot/install.log --single-version-externally-managed install_data
