[0.842s] Invoking command in '/home/user/ROB421-Group/trivia_bot': DEBUGINFOD_URLS=https://debuginfod.ubuntu.com PYTHONPATH=/home/user/ROB421-Group/build/trivia_bot/prefix_override:/usr/lib/python3/dist-packages/colcon_core/task/python/colcon_distutils_commands:/home/user/ROB421-Group/install/trivia_bot/lib/python3.12/site-packages:${PYTHONPATH} /usr/bin/python3 -W ignore:setup.py install is deprecated -W ignore:easy_install command is deprecated setup.py egg_info --egg-base ../build/trivia_bot build --build-base /home/user/ROB421-Group/build/trivia_bot/build install --record /home/user/ROB421-Group/build/trivia_bot/install.log --single-version-externally-managed install_data
[1.134s] running egg_info
[1.152s] writing ../build/trivia_bot/trivia_bot.egg-info/PKG-INFO
[1.153s] writing dependency_links to ../build/trivia_bot/trivia_bot.egg-info/dependency_links.txt
[1.154s] writing entry points to ../build/trivia_bot/trivia_bot.egg-info/entry_points.txt
[1.154s] writing requirements to ../build/trivia_bot/trivia_bot.egg-info/requires.txt
[1.156s] writing top-level names to ../build/trivia_bot/trivia_bot.egg-info/top_level.txt
[1.192s] reading manifest file '../build/trivia_bot/trivia_bot.egg-info/SOURCES.txt'
[1.193s] writing manifest file '../build/trivia_bot/trivia_bot.egg-info/SOURCES.txt'
[1.193s] running build
[1.193s] running build_py
[1.194s] copying trivia_bot/speaker.py -> /home/user/ROB421-Group/build/trivia_bot/build/lib/trivia_bot
[1.194s] running install
[1.202s] running install_lib
[1.223s] copying /home/user/ROB421-Group/build/trivia_bot/build/lib/trivia_bot/speaker.py -> /home/user/ROB421-Group/install/trivia_bot/lib/python3.12/site-packages/trivia_bot
[1.224s] byte-compiling /home/user/ROB421-Group/install/trivia_bot/lib/python3.12/site-packages/trivia_bot/speaker.py to speaker.cpython-312.pyc
[1.225s] running install_data
[1.226s] running install_egg_info
[1.245s] removing '/home/user/ROB421-Group/install/trivia_bot/lib/python3.12/site-packages/trivia_bot-0.0.0-py3.12.egg-info' (and everything under it)
[1.245s] Copying ../build/trivia_bot/trivia_bot.egg-info to /home/user/ROB421-Group/install/trivia_bot/lib/python3.12/site-packages/trivia_bot-0.0.0-py3.12.egg-info
[1.246s] running install_scripts
[1.378s] Installing gameloop script to /home/user/ROB421-Group/install/trivia_bot/lib/trivia_bot
[1.379s] Installing mic script to /home/user/ROB421-Group/install/trivia_bot/lib/trivia_bot
[1.379s] Installing speaker script to /home/user/ROB421-Group/install/trivia_bot/lib/trivia_bot
[1.379s] writing list of installed files to '/home/user/ROB421-Group/build/trivia_bot/install.log'
[1.410s] Invoked command in '/home/user/ROB421-Group/trivia_bot' returned '0': DEBUGINFOD_URLS=https://debuginfod.ubuntu.com PYTHONPATH=/home/user/ROB421-Group/build/trivia_bot/prefix_override:/usr/lib/python3/dist-packages/colcon_core/task/python/colcon_distutils_commands:/home/user/ROB421-Group/install/trivia_bot/lib/python3.12/site-packages:${PYTHONPATH} /usr/bin/python3 -W ignore:setup.py install is deprecated -W ignore:easy_install command is deprecated setup.py egg_info --egg-base ../build/trivia_bot build --build-base /home/user/ROB421-Group/build/trivia_bot/build install --record /home/user/ROB421-Group/build/trivia_bot/install.log --single-version-externally-managed install_data
